Start testing: May 23 18:30 IST
----------------------------------------------------------
6/12 Testing: analytical_validation
6/12 Test: analytical_validation
Command: "/home/shreesoftech/projects/test1/astro_packages/jpl-ephemeris-/build/test_analytical_validation"
Directory: /home/shreesoftech/projects/test1/astro_packages/jpl-ephemeris-/build
"analytical_validation" start time: May 23 18:30 IST
Output:
----------------------------------------------------------
<end of output>
Test time =   0.26 sec
----------------------------------------------------------
Test Passed.
"analytical_validation" end time: May 23 18:30 IST
"analytical_validation" time elapsed: 00:00:00
----------------------------------------------------------

12/12 Testing: symbol_coverage
12/12 Test: symbol_coverage
Command: "/usr/bin/pwsh" "-NoProfile" "-ExecutionPolicy" "Bypass" "-File" "/home/shreesoftech/projects/test1/astro_packages/jpl-ephemeris-/tests/test_symbol_coverage.ps1"
Directory: /home/shreesoftech/projects/test1/astro_packages/jpl-ephemeris-/build
"symbol_coverage" start time: May 23 18:30 IST
Output:
----------------------------------------------------------
jme_functions_total=204
jme_functions_defined=204
jme_functions_directly_tested=204
jme_constants_total=462
<end of output>
Test time =   1.58 sec
----------------------------------------------------------
Test Passed.
"symbol_coverage" end time: May 23 18:30 IST
"symbol_coverage" time elapsed: 00:00:01
----------------------------------------------------------

End testing: May 23 18:30 IST
