Start testing: May 23 15:07 IST
----------------------------------------------------------
1/12 Testing: julian
1/12 Test: julian
Command: "/home/shreesoftech/projects/test1/astro_packages/jpl-ephemeris-/build/test_julian"
Directory: /home/shreesoftech/projects/test1/astro_packages/jpl-ephemeris-/build
"julian" start time: May 23 15:07 IST
Output:
----------------------------------------------------------
<end of output>
Test time =   0.01 sec
----------------------------------------------------------
Test Passed.
"julian" end time: May 23 15:07 IST
"julian" time elapsed: 00:00:00
----------------------------------------------------------

2/12 Testing: api_contract
2/12 Test: api_contract
Command: "/home/shreesoftech/projects/test1/astro_packages/jpl-ephemeris-/build/test_api_contract"
Directory: /home/shreesoftech/projects/test1/astro_packages/jpl-ephemeris-/build
"api_contract" start time: May 23 15:07 IST
Output:
----------------------------------------------------------
<end of output>
Test time =  23.85 sec
----------------------------------------------------------
Test Passed.
"api_contract" end time: May 23 15:07 IST
"api_contract" time elapsed: 00:00:23
----------------------------------------------------------

3/12 Testing: jpl_runtime
3/12 Test: jpl_runtime
Command: "/home/shreesoftech/projects/test1/astro_packages/jpl-ephemeris-/build/test_jpl_runtime"
Directory: /home/shreesoftech/projects/test1/astro_packages/jpl-ephemeris-/build
"jpl_runtime" start time: May 23 15:07 IST
Output:
----------------------------------------------------------
<end of output>
Test time =   0.00 sec
----------------------------------------------------------
Test Passed.
"jpl_runtime" end time: May 23 15:07 IST
"jpl_runtime" time elapsed: 00:00:00
----------------------------------------------------------

4/12 Testing: all_constants
4/12 Test: all_constants
Command: "/home/shreesoftech/projects/test1/astro_packages/jpl-ephemeris-/build/test_all_constants"
Directory: /home/shreesoftech/projects/test1/astro_packages/jpl-ephemeris-/build
"all_constants" start time: May 23 15:07 IST
Output:
----------------------------------------------------------
All constants verified successfully.
<end of output>
Test time =   0.00 sec
----------------------------------------------------------
Test Passed.
"all_constants" end time: May 23 15:07 IST
"all_constants" time elapsed: 00:00:00
----------------------------------------------------------

5/12 Testing: all_functions
5/12 Test: all_functions
Command: "/home/shreesoftech/projects/test1/astro_packages/jpl-ephemeris-/build/test_all_functions"
Directory: /home/shreesoftech/projects/test1/astro_packages/jpl-ephemeris-/build
"all_functions" start time: May 23 15:07 IST
Output:
----------------------------------------------------------
Testing metadata and paths...
Testing utility math functions...
Testing time and calendar functions...
Testing coordinate transformations...
Testing matrix operations...
Testing body info functions...
Testing state operations...
Testing ayanamsa and sidereal functions...
Testing astro models and parameters...
Testing ephemeris and catalog functions...
Testing event function contracts...
Testing jpl_* functions (may return JME_ERR)...
Testing extended functions...

All functions tested successfully!
<end of output>
Test time =   1.50 sec
----------------------------------------------------------
Test Passed.
"all_functions" end time: May 23 15:07 IST
"all_functions" time elapsed: 00:00:01
----------------------------------------------------------

6/12 Testing: analytical_validation
6/12 Test: analytical_validation
Command: "/home/shreesoftech/projects/test1/astro_packages/jpl-ephemeris-/build/test_analytical_validation"
Directory: /home/shreesoftech/projects/test1/astro_packages/jpl-ephemeris-/build
"analytical_validation" start time: May 23 15:07 IST
Output:
----------------------------------------------------------
<end of output>
Test time =   0.38 sec
----------------------------------------------------------
Test Passed.
"analytical_validation" end time: May 23 15:07 IST
"analytical_validation" time elapsed: 00:00:00
----------------------------------------------------------

7/12 Testing: extra_contract
7/12 Test: extra_contract
Command: "/home/shreesoftech/projects/test1/astro_packages/jpl-ephemeris-/build/test_extra_contract"
Directory: /home/shreesoftech/projects/test1/astro_packages/jpl-ephemeris-/build
"extra_contract" start time: May 23 15:07 IST
Output:
----------------------------------------------------------
<end of output>
Test time =   0.03 sec
----------------------------------------------------------
Test Passed.
"extra_contract" end time: May 23 15:07 IST
"extra_contract" time elapsed: 00:00:00
----------------------------------------------------------

8/12 Testing: mapped_adversarial
8/12 Test: mapped_adversarial
Command: "/home/shreesoftech/projects/test1/astro_packages/jpl-ephemeris-/build/test_mapped_adversarial"
Directory: /home/shreesoftech/projects/test1/astro_packages/jpl-ephemeris-/build
"mapped_adversarial" start time: May 23 15:07 IST
Output:
----------------------------------------------------------
Mapped adversarial validation passed
<end of output>
Test time =   1.17 sec
----------------------------------------------------------
Test Passed.
"mapped_adversarial" end time: May 23 15:07 IST
"mapped_adversarial" time elapsed: 00:00:01
----------------------------------------------------------

9/12 Testing: extra_adversarial
9/12 Test: extra_adversarial
Command: "/home/shreesoftech/projects/test1/astro_packages/jpl-ephemeris-/build/test_extra_adversarial"
Directory: /home/shreesoftech/projects/test1/astro_packages/jpl-ephemeris-/build
"extra_adversarial" start time: May 23 15:07 IST
Output:
----------------------------------------------------------
Extra adversarial validation passed
<end of output>
Test time =   0.27 sec
----------------------------------------------------------
Test Passed.
"extra_adversarial" end time: May 23 15:07 IST
"extra_adversarial" time elapsed: 00:00:00
----------------------------------------------------------

10/12 Testing: engine_matrix
10/12 Test: engine_matrix
Command: "/bin/bash" "/home/shreesoftech/projects/test1/astro_packages/jpl-ephemeris-/tools/run_engine_matrix.sh"
Directory: /home/shreesoftech/projects/test1/astro_packages/jpl-ephemeris-/build
"engine_matrix" start time: May 23 15:07 IST
Output:
----------------------------------------------------------
discovered function count: 204
tested function count: 204
skipped function count: 0
output directory: /home/shreesoftech/projects/test1/astro_packages/jpl-ephemeris-/build/differential_engine_matrix
open summary: /home/shreesoftech/projects/test1/astro_packages/jpl-ephemeris-/build/differential_engine_matrix/engine_matrix.summary.csv
<end of output>
Test time =  32.16 sec
----------------------------------------------------------
Test Passed.
"engine_matrix" end time: May 23 15:08 IST
"engine_matrix" time elapsed: 00:00:32
----------------------------------------------------------

11/12 Testing: api_inventory
11/12 Test: api_inventory
Command: "/usr/bin/pwsh" "-NoProfile" "-ExecutionPolicy" "Bypass" "-File" "/home/shreesoftech/projects/test1/astro_packages/jpl-ephemeris-/tests/test_inventory.ps1"
Directory: /home/shreesoftech/projects/test1/astro_packages/jpl-ephemeris-/build
"api_inventory" start time: May 23 15:08 IST
Output:
----------------------------------------------------------
jme_functions=192
jme_constants=462
<end of output>
Test time =   0.89 sec
----------------------------------------------------------
Test Passed.
"api_inventory" end time: May 23 15:08 IST
"api_inventory" time elapsed: 00:00:00
----------------------------------------------------------

12/12 Testing: symbol_coverage
12/12 Test: symbol_coverage
Command: "/usr/bin/pwsh" "-NoProfile" "-ExecutionPolicy" "Bypass" "-File" "/home/shreesoftech/projects/test1/astro_packages/jpl-ephemeris-/tests/test_symbol_coverage.ps1"
Directory: /home/shreesoftech/projects/test1/astro_packages/jpl-ephemeris-/build
"symbol_coverage" start time: May 23 15:08 IST
Output:
----------------------------------------------------------
jme_functions_total=204
jme_functions_defined=204
jme_functions_directly_tested=204
jme_constants_total=462
<end of output>
Test time =   1.86 sec
----------------------------------------------------------
Test Passed.
"symbol_coverage" end time: May 23 15:08 IST
"symbol_coverage" time elapsed: 00:00:01
----------------------------------------------------------

End testing: May 23 15:08 IST
