Start testing: May 21 17:55 IST
----------------------------------------------------------
1/8 Testing: julian
1/8 Test: julian
Command: "/home/shreesoftech/projects/test1/astro_packages/jpl-ephemeris-/build-calceph/test_julian"
Directory: /home/shreesoftech/projects/test1/astro_packages/jpl-ephemeris-/build-calceph
"julian" start time: May 21 17:55 IST
Output:
----------------------------------------------------------
<end of output>
Test time =   0.00 sec
----------------------------------------------------------
Test Passed.
"julian" end time: May 21 17:55 IST
"julian" time elapsed: 00:00:00
----------------------------------------------------------

3/8 Testing: jpl_runtime
3/8 Test: jpl_runtime
Command: "/home/shreesoftech/projects/test1/astro_packages/jpl-ephemeris-/build-calceph/test_jpl_runtime"
Directory: /home/shreesoftech/projects/test1/astro_packages/jpl-ephemeris-/build-calceph
"jpl_runtime" start time: May 21 17:55 IST
Output:
----------------------------------------------------------
CALCEPH ERROR : Rotational angular momentum (G/(mR^2)) is not available in this ephemeris file
CALCEPH ERROR : Rotational angular momentum (G/(mR^2)) is not available in this ephemeris file
CALCEPH ERROR : Rotational angular momentum (G/(mR^2)) is not available in this ephemeris file
CALCEPH ERROR : Rotational angular momentum (G/(mR^2)) is not available in this ephemeris file
<end of output>
Test time =   0.00 sec
----------------------------------------------------------
Test Passed.
"jpl_runtime" end time: May 21 17:55 IST
"jpl_runtime" time elapsed: 00:00:00
----------------------------------------------------------

4/8 Testing: all_constants
4/8 Test: all_constants
Command: "/home/shreesoftech/projects/test1/astro_packages/jpl-ephemeris-/build-calceph/test_all_constants"
Directory: /home/shreesoftech/projects/test1/astro_packages/jpl-ephemeris-/build-calceph
"all_constants" start time: May 21 17:55 IST
Output:
----------------------------------------------------------
All constants verified successfully.
<end of output>
Test time =   0.00 sec
----------------------------------------------------------
Test Passed.
"all_constants" end time: May 21 17:55 IST
"all_constants" time elapsed: 00:00:00
----------------------------------------------------------

5/8 Testing: all_functions
5/8 Test: all_functions
Command: "/home/shreesoftech/projects/test1/astro_packages/jpl-ephemeris-/build-calceph/test_all_functions"
Directory: /home/shreesoftech/projects/test1/astro_packages/jpl-ephemeris-/build-calceph
"all_functions" start time: May 21 17:55 IST
Output:
----------------------------------------------------------
Testing metadata and paths...
CALCEPH ERROR : Unable to open ephemeris file: '/non/existent/path'
System error : ''
CALCEPH ERROR : Unable to open ephemeris file: '/invalid1'
System error : ''
Testing utility math functions...
Testing time and calendar functions...
Testing coordinate transformations...
Testing matrix operations...
Testing body info functions...
Testing state operations...
Testing ayanamsa and sidereal functions...
Testing astro models and parameters...
Testing ephemeris and catalog functions...
Testing event function contracts...
Testing jpl_* functions (may return JME_ERR)...
Testing extended functions...

All functions tested successfully!
<end of output>
Test time =   9.59 sec
----------------------------------------------------------
Test Passed.
"all_functions" end time: May 21 17:55 IST
"all_functions" time elapsed: 00:00:09
----------------------------------------------------------

6/8 Testing: analytical_validation
6/8 Test: analytical_validation
Command: "/home/shreesoftech/projects/test1/astro_packages/jpl-ephemeris-/build-calceph/test_analytical_validation"
Directory: /home/shreesoftech/projects/test1/astro_packages/jpl-ephemeris-/build-calceph
"analytical_validation" start time: May 21 17:55 IST
Output:
----------------------------------------------------------
<end of output>
Test time =   0.07 sec
----------------------------------------------------------
Test Passed.
"analytical_validation" end time: May 21 17:55 IST
"analytical_validation" time elapsed: 00:00:00
----------------------------------------------------------

7/8 Testing: api_inventory
7/8 Test: api_inventory
Command: "/usr/bin/pwsh" "-NoProfile" "-ExecutionPolicy" "Bypass" "-File" "/home/shreesoftech/projects/test1/astro_packages/jpl-ephemeris-/tests/test_inventory.ps1"
Directory: /home/shreesoftech/projects/test1/astro_packages/jpl-ephemeris-/build-calceph
"api_inventory" start time: May 21 17:55 IST
Output:
----------------------------------------------------------
jme_functions=192
jme_constants=462
<end of output>
Test time =   0.52 sec
----------------------------------------------------------
Test Passed.
"api_inventory" end time: May 21 17:55 IST
"api_inventory" time elapsed: 00:00:00
----------------------------------------------------------

8/8 Testing: symbol_coverage
8/8 Test: symbol_coverage
Command: "/usr/bin/pwsh" "-NoProfile" "-ExecutionPolicy" "Bypass" "-File" "/home/shreesoftech/projects/test1/astro_packages/jpl-ephemeris-/tests/test_symbol_coverage.ps1"
Directory: /home/shreesoftech/projects/test1/astro_packages/jpl-ephemeris-/build-calceph
"symbol_coverage" start time: May 21 17:55 IST
Output:
----------------------------------------------------------
jme_functions_total=204
jme_functions_defined=204
jme_constants_total=462
<end of output>
Test time =   1.63 sec
----------------------------------------------------------
Test Passed.
"symbol_coverage" end time: May 21 17:55 IST
"symbol_coverage" time elapsed: 00:00:01
----------------------------------------------------------

End testing: May 21 17:55 IST
