Start testing: May 22 10:04 IST
----------------------------------------------------------
2/9 Testing: api_contract
2/9 Test: api_contract
Command: "/home/shreesoftech/projects/test1/astro_packages/jpl-ephemeris-/build-calceph-runtime/test_api_contract"
Directory: /home/shreesoftech/projects/test1/astro_packages/jpl-ephemeris-/build-calceph-runtime
"api_contract" start time: May 22 10:04 IST
Output:
----------------------------------------------------------
<end of output>
Test time =  59.54 sec
----------------------------------------------------------
Test Passed.
"api_contract" end time: May 22 10:05 IST
"api_contract" time elapsed: 00:00:59
----------------------------------------------------------

3/9 Testing: jpl_runtime
3/9 Test: jpl_runtime
Command: "/home/shreesoftech/projects/test1/astro_packages/jpl-ephemeris-/build-calceph-runtime/test_jpl_runtime"
Directory: /home/shreesoftech/projects/test1/astro_packages/jpl-ephemeris-/build-calceph-runtime
"jpl_runtime" start time: May 22 10:05 IST
Output:
----------------------------------------------------------
CALCEPH ERROR : Rotational angular momentum (G/(mR^2)) is not available in this ephemeris file
CALCEPH ERROR : Rotational angular momentum (G/(mR^2)) is not available in this ephemeris file
CALCEPH ERROR : Rotational angular momentum (G/(mR^2)) is not available in this ephemeris file
CALCEPH ERROR : Rotational angular momentum (G/(mR^2)) is not available in this ephemeris file
<end of output>
Test time =   0.00 sec
----------------------------------------------------------
Test Passed.
"jpl_runtime" end time: May 22 10:05 IST
"jpl_runtime" time elapsed: 00:00:00
----------------------------------------------------------

6/9 Testing: analytical_validation
6/9 Test: analytical_validation
Command: "/home/shreesoftech/projects/test1/astro_packages/jpl-ephemeris-/build-calceph-runtime/test_analytical_validation"
Directory: /home/shreesoftech/projects/test1/astro_packages/jpl-ephemeris-/build-calceph-runtime
"analytical_validation" start time: May 22 10:05 IST
Output:
----------------------------------------------------------
<end of output>
Test time =   0.13 sec
----------------------------------------------------------
Test Passed.
"analytical_validation" end time: May 22 10:05 IST
"analytical_validation" time elapsed: 00:00:00
----------------------------------------------------------

7/9 Testing: extra_contract
7/9 Test: extra_contract
Command: "/home/shreesoftech/projects/test1/astro_packages/jpl-ephemeris-/build-calceph-runtime/test_extra_contract"
Directory: /home/shreesoftech/projects/test1/astro_packages/jpl-ephemeris-/build-calceph-runtime
"extra_contract" start time: May 22 10:05 IST
Output:
----------------------------------------------------------
<end of output>
Test time =   0.02 sec
----------------------------------------------------------
Test Passed.
"extra_contract" end time: May 22 10:05 IST
"extra_contract" time elapsed: 00:00:00
----------------------------------------------------------

End testing: May 22 10:05 IST
